*** Using Compiler 'V5.06 update 6 (build 750)', folder: 'E:\Keil_v5\ARM\ARMCC\Bin'
Build target 'RC26_H7_R1'
compiling bsp_can.c...
..\user\src\bsp_can.c(221): warning:  #111-D: statement is unreachable
  					break;
..\user\src\bsp_can.c(239): warning:  #111-D: statement is unreachable
          switch(rx_data[0] & 0x0F)
..\user\src\bsp_can.c: 2 warnings, 0 errors
compiling register.c...
compiling kfs.c...
compiling Can_Task.c...
..\user\src\Can_Task.c(17): warning:  #550-D: variable "can1_free_level"  was set but never used
      uint32_t can1_free_level = 0;
..\user\src\Can_Task.c(18): warning:  #550-D: variable "can2_free_level"  was set but never used
      uint32_t can2_free_level = 0;
..\user\src\Can_Task.c(19): warning:  #550-D: variable "can3_free_level"  was set but never used
      uint32_t can3_free_level = 0;
..\user\src\Can_Task.c(12): warning:  #177-D: variable "flexible_motor_PID_input"  was declared but never referenced
  static float flexible_motor_PID_input;
..\user\src\Can_Task.c: 4 warnings, 0 errors
compiling main.c...
linking...
Program Size: Code=54676 RO-data=1044 RW-data=768 ZI-data=34480  
FromELF: creating hex file...
"RC26_H7_R1\RC26_H7_R1.axf" - 0 Error(s), 6 Warning(s).
Build Time Elapsed:  00:00:15
